[bwa_index] Pack FASTA... [bwa_index] Pack FASTA... 1.20 sec
[bwa_index] Construct BWT for the packed sequence...
[BWTIncCreate] textLength=239335500, availableWord=28840068
3.57 sec
[bwa_index] Construct BWT for the packed sequence...
[BWTIncCreate] textLength=746491038, availableWord=64525548
[BWTIncConstructFromPacked] 10 iterations done. 47572956 characters processed.
[BWTIncConstructFromPacked] 20 iterations done. 87887020 characters processed.
[BWTIncConstructFromPacked] 10 iterations done. 99453054 characters processed.
[BWTIncConstructFromPacked] 30 iterations done. 123714220 characters processed.
[BWTIncConstructFromPacked] 40 iterations done. 155553484 characters processed.
[BWTIncConstructFromPacked] 50 iterations done. 183848268 characters processed.
[BWTIncConstructFromPacked] 60 iterations done. 208992716 characters processed.
[BWTIncConstructFromPacked] 20 iterations done. 190433566 characters processed.
[BWTIncConstructFromPacked] 70 iterations done. 231337148 characters processed.
[bwa_index] 87.12 seconds elapse.
[bwa_index] Update BWT... 0.81 sec
[bwa_index] Pack forward-only FASTA... 0.79 sec
[bwa_index] Construct SA from BWT and Occ... [BWTIncConstructFromPacked] 30 iterations done. 271293326 characters processed.
38.16 sec
[bwt_gen] Finished constructing BWT in 74 iterations.
[main] Version: 0.7.13-r1126
[main] CMD: /home/jwman/chipseq-automation/software/bwa-0.7.13/bwa index -p /home/jwman/chipseq-automation/output/bwa_idx/11 /home/jwman/chipseq-automation/genome/GCF_000001735.3_TAIR10_genomic.fna
[main] Real time: 129.990 sec; CPU: 128.097 sec
[BWTIncConstructFromPacked] 40 iterations done. 343157678 characters processed.
[BWTIncConstructFromPacked] 50 iterations done. 407026894 characters processed.
[BWTIncConstructFromPacked] 60 iterations done. 463789982 characters processed.
[BWTIncConstructFromPacked] 70 iterations done. 514237134 characters processed.
[BWTIncConstructFromPacked] 80 iterations done. 559070702 characters processed.
[BWTIncConstructFromPacked] 90 iterations done. 598914846 characters processed.
[BWTIncConstructFromPacked] 100 iterations done. 634324430 characters processed.
[BWTIncConstructFromPacked] 110 iterations done. 665792510 characters processed.
[BWTIncConstructFromPacked] 120 iterations done. 693757374 characters processed.
[BWTIncConstructFromPacked] 130 iterations done. 718608590 characters processed.
[BWTIncConstructFromPacked] 140 iterations done. 740692382 characters processed.
[bwa_index] 332.77 seconds elapse.
[bwa_index] Update BWT... 2.56 sec
[bwa_index] Pack forward-only FASTA... 2.29 sec
[bwa_index] Construct SA from BWT and Occ... 140.55 sec
[bwt_gen] Finished constructing BWT in 143 iterations.
[main] Version: 0.7.13-r1126
[main] CMD: /home/jwman/chipseq-automation/software/bwa-0.7.13/bwa index -p /home/jwman/chipseq-automation/output/bwa_idx/64 /home/jwman/chipseq-automation/genome/all.fasta
[main] Real time: 487.064 sec; CPU: 481.747 sec
